<?xml version="1.0" encoding="UTF-8"?>
<!-- Generated by org.testng.reporters.JUnitReportReporter -->
<testsuite hostname="SivaKrishnan-Home" failures="0" tests="5" name="com.tests.LoginTestScripts" time="14.152" errors="0" timestamp="2020-12-28T10:00:57 IST" skipped="1">
  <testcase classname="com.tests.LoginTestScripts" name="testMultipleUserLogins" time="0.403"/>
  <system-out/>
  <testcase classname="com.tests.LoginTestScripts" name="testMultipleUserLogins" time="5.343"/>
  <system-out/>
  <testcase classname="com.tests.LoginTestScripts" name="testMultipleUserLogins" time="8.080"/>
  <system-out/>
  <testcase classname="com.tests.LoginTestScripts" name="testMultipleUserLogins" time="0.326"/>
  <system-out/>
  <testcase classname="com.tests.LoginTestScripts" name="validateLogin">
    <skipped/>
  </testcase> <!-- validateLogin -->
  <system-out/>
</testsuite> <!-- com.tests.LoginTestScripts -->
