<?xml version="1.0" encoding="UTF-8"?>
<!-- Generated by org.testng.reporters.JUnitReportReporter -->
<testsuite hostname="SivaKrishnan-Home" failures="0" tests="5" name="com.tests.LoginTestScripts" time="15.295" errors="0" timestamp="2021-02-01T19:31:19 IST" skipped="1">
  <testcase classname="com.tests.LoginTestScripts" name="testMultipleUserLogins" time="0.292"/>
  <system-out/>
  <testcase classname="com.tests.LoginTestScripts" name="testMultipleUserLogins" time="9.027"/>
  <system-out/>
  <testcase classname="com.tests.LoginTestScripts" name="testMultipleUserLogins" time="0.615"/>
  <system-out/>
  <testcase classname="com.tests.LoginTestScripts" name="testMultipleUserLogins" time="5.361"/>
  <system-out/>
  <testcase classname="com.tests.LoginTestScripts" name="validateLogin">
    <skipped/>
  </testcase> <!-- validateLogin -->
  <system-out/>
</testsuite> <!-- com.tests.LoginTestScripts -->
